<?xml version="1.0" encoding="UTF-8"?>
<!-- Generated by org.testng.reporters.JUnitXMLReporter -->
<testsuite ignored="0" hostname="AARADHYA" failures="0" tests="3" name="Default test" time="45.885" errors="0" timestamp="16 Nov 2022 07:48:44 GMT">
  <testcase classname="DemoProject.demo121122.SubmitOrderTest" name="submitOrder" time="2.657"/>
  <testcase classname="DemoProject.demo121122.SubmitOrderTest" name="submitOrder" time="2.655"/>
  <testcase classname="DemoProject.demo121122.SubmitOrderTest" name="orderHistoryTest" time="0.457"/>
</testsuite> <!-- Default test -->
