<?xml version="1.0" encoding="UTF-8"?>
<!-- Generated by org.testng.reporters.JUnitXMLReporter -->
<testsuite ignored="0" hostname="AARADHYA" failures="1" tests="3" name="Error Validation" time="13.759" errors="0" timestamp="16 Nov 2022 17:40:13 GMT">
  <testcase classname="DemoProject.demo121122.ErrorValidationTest" name="loginErrorValidation" time="0.618">
    <skipped/>
  </testcase> <!-- loginErrorValidation -->
  <testcase classname="DemoProject.demo121122.ErrorValidationTest" name="loginErrorValidation" time="0.974">
    <failure type="java.lang.AssertionError" message="expected [Incorrect email or password.] but found [Incorrect email password.]">
      <![CDATA[java.lang.AssertionError: expected [Incorrect email or password.] but found [Incorrect email password.]
at DemoProject.demo121122.ErrorValidationTest.loginErrorValidation(ErrorValidationTest.java:23)
at java.base/java.util.concurrent.FutureTask.run(FutureTask.java:264)
at java.base/java.util.concurrent.ThreadPoolExecutor.runWorker(ThreadPoolExecutor.java:1128)
at java.base/java.util.concurrent.ThreadPoolExecutor$Worker.run(ThreadPoolExecutor.java:628)
at java.base/java.lang.Thread.run(Thread.java:834)
... Removed 22 stack frames]]>
    </failure>
  </testcase> <!-- loginErrorValidation -->
  <testcase classname="DemoProject.demo121122.ErrorValidationTest" name="productErrorvalidation" time="2.454"/>
</testsuite> <!-- Error Validation -->
