<?xml version="1.0" encoding="UTF-8"?>
<!-- Generated by org.testng.reporters.JUnitXMLReporter -->
<testsuite ignored="0" hostname="AARADHYA" failures="0" tests="3" name="Submit Order" time="30.166" errors="0" timestamp="16 Nov 2022 17:40:29 GMT">
  <testcase classname="DemoProject.demo121122.SubmitOrderTest" name="submitOrder" time="3.006"/>
  <testcase classname="DemoProject.demo121122.SubmitOrderTest" name="submitOrder" time="3.002"/>
  <testcase classname="DemoProject.demo121122.SubmitOrderTest" name="orderHistoryTest" time="0.682"/>
</testsuite> <!-- Submit Order -->
