<?xml version="1.0" encoding="UTF-8"?>
<!-- Generated by org.testng.reporters.JUnitXMLReporter -->
<testsuite ignored="2" hostname="AARADHYA" failures="0" tests="0" time="0.01" errors="0" timestamp="17 Nov 2022 09:19:45 GMT">
  <testcase classname="DemoProject.demo121122.ErrorValidationTest" name="loginErrorValidation" time="0.0">
    <ignored/>
  </testcase> <!-- loginErrorValidation -->
  <testcase classname="DemoProject.demo121122.ErrorValidationTest" name="productErrorvalidation" time="0.0">
    <ignored/>
  </testcase> <!-- productErrorvalidation -->
</testsuite>
