<?xml version="1.0" encoding="UTF-8"?>
<!-- Generated by org.testng.reporters.JUnitXMLReporter -->
<testsuite ignored="1" hostname="AARADHYA" failures="0" tests="2" name="Submit Order" time="27.736" errors="0" timestamp="17 Nov 2022 09:20:13 GMT">
  <testcase classname="DemoProject.demo121122.SubmitOrderTest" name="submitOrder" time="3.03"/>
  <testcase classname="DemoProject.demo121122.SubmitOrderTest" name="submitOrder" time="3.131"/>
  <testcase classname="DemoProject.demo121122.SubmitOrderTest" name="orderHistoryTest" time="0.0">
    <ignored/>
  </testcase> <!-- orderHistoryTest -->
</testsuite> <!-- Submit Order -->
